{"/Users/abdulbasith/Desktop/Dev/TECHZIA/Car-Rental/quick-ui/src/index.ts": {"path":"/Users/abdulbasith/Desktop/Dev/TECHZIA/Car-Rental/quick-ui/src/index.ts","statementMap":{"0":{"start":{"line":3,"column":0},"end":{"line":3,"column":29}}},"fnMap":{},"branchMap":{},"s":{"0":1},"f":{},"b":{}}
,"/Users/abdulbasith/Desktop/Dev/TECHZIA/Car-Rental/quick-ui/src/atoms/Backdrop.tsx": {"path":"/Users/abdulbasith/Desktop/Dev/TECHZIA/Car-Rental/quick-ui/src/atoms/Backdrop.tsx","statementMap":{"0":{"start":{"line":1,"column":0},"end":{"line":1,"column":54}},"1":{"start":{"line":7,"column":15},"end":{"line":16,"column":2}},"2":{"start":{"line":7,"column":66},"end":{"line":7,"column":71}},"3":{"start":{"line":7,"column":81},"end":{"line":7,"column":85}},"4":{"start":{"line":7,"column":93},"end":{"line":16,"column":2}},"5":{"start":{"line":18,"column":0},"end":{"line":18,"column":22}}},"fnMap":{"0":{"name":"(anonymous_9)","decl":{"start":{"line":7,"column":55},"end":{"line":7,"column":56}},"loc":{"start":{"line":7,"column":88},"end":{"line":16,"column":2}}}},"branchMap":{},"s":{"0":1,"1":1,"2":0,"3":0,"4":0,"5":1},"f":{"0":0},"b":{}}
,"/Users/abdulbasith/Desktop/Dev/TECHZIA/Car-Rental/quick-ui/src/atoms/Portal.ts": {"path":"/Users/abdulbasith/Desktop/Dev/TECHZIA/Car-Rental/quick-ui/src/atoms/Portal.ts","statementMap":{"0":{"start":{"line":1,"column":0},"end":{"line":1,"column":60}},"1":{"start":{"line":2,"column":0},"end":{"line":2,"column":32}},"2":{"start":{"line":3,"column":0},"end":{"line":3,"column":41}},"3":{"start":{"line":11,"column":38},"end":{"line":42,"column":1}},"4":{"start":{"line":11,"column":49},"end":{"line":11,"column":51}},"5":{"start":{"line":11,"column":51},"end":{"line":11,"column":57}},"6":{"start":{"line":11,"column":57},"end":{"line":11,"column":75}},"7":{"start":{"line":11,"column":75},"end":{"line":11,"column":77}},"8":{"start":{"line":11,"column":77},"end":{"line":11,"column":87}},"9":{"start":{"line":12,"column":17},"end":{"line":12,"column":49}},"10":{"start":{"line":14,"column":2},"end":{"line":35,"column":19}},"11":{"start":{"line":15,"column":20},"end":{"line":15,"column":51}},"12":{"start":{"line":16,"column":4},"end":{"line":20,"column":null}},"13":{"start":{"line":17,"column":6},"end":{"line":17,"column":45}},"14":{"start":{"line":18,"column":6},"end":{"line":18,"column":43}},"15":{"start":{"line":19,"column":6},"end":{"line":19,"column":43}},"16":{"start":{"line":22,"column":4},"end":{"line":24,"column":null}},"17":{"start":{"line":23,"column":6},"end":{"line":23,"column":44}},"18":{"start":{"line":26,"column":4},"end":{"line":34,"column":6}},"19":{"start":{"line":27,"column":6},"end":{"line":29,"column":null}},"20":{"start":{"line":28,"column":8},"end":{"line":28,"column":32}},"21":{"start":{"line":31,"column":6},"end":{"line":33,"column":null}},"22":{"start":{"line":32,"column":8},"end":{"line":32,"column":27}},"23":{"start":{"line":37,"column":2},"end":{"line":39,"column":null}},"24":{"start":{"line":38,"column":4},"end":{"line":38,"column":48}},"25":{"start":{"line":41,"column":2},"end":{"line":41,"column":48}},"26":{"start":{"line":44,"column":0},"end":{"line":44,"column":22}}},"fnMap":{"0":{"name":"(anonymous_0)","decl":{"start":{"line":11,"column":38},"end":{"line":11,"column":39}},"loc":{"start":{"line":11,"column":87},"end":{"line":42,"column":1}}},"1":{"name":"(anonymous_1)","decl":{"start":{"line":14,"column":12},"end":{"line":14,"column":null}},"loc":{"start":{"line":14,"column":12},"end":{"line":35,"column":3}}},"2":{"name":"(anonymous_2)","decl":{"start":{"line":26,"column":11},"end":{"line":26,"column":null}},"loc":{"start":{"line":26,"column":11},"end":{"line":34,"column":5}}}},"branchMap":{"0":{"loc":{"start":{"line":11,"column":57},"end":{"line":11,"column":75}},"type":"cond-expr","locations":[{"start":{"line":11,"column":60},"end":{"line":11,"column":73}},{"start":{"line":11,"column":73},"end":{"line":11,"column":75}}]},"1":{"loc":{"start":{"line":11,"column":77},"end":{"line":11,"column":87}},"type":"cond-expr","locations":[{"start":{"line":11,"column":80},"end":{"line":11,"column":85}},{"start":{"line":11,"column":85},"end":{"line":11,"column":87}}]},"2":{"loc":{"start":{"line":16,"column":4},"end":{"line":20,"column":null}},"type":"if","locations":[{"start":{"line":16,"column":4},"end":{"line":20,"column":null}}]},"3":{"loc":{"start":{"line":22,"column":4},"end":{"line":24,"column":null}},"type":"if","locations":[{"start":{"line":22,"column":4},"end":{"line":24,"column":null}}]},"4":{"loc":{"start":{"line":27,"column":6},"end":{"line":29,"column":null}},"type":"if","locations":[{"start":{"line":27,"column":6},"end":{"line":29,"column":null}}]},"5":{"loc":{"start":{"line":31,"column":6},"end":{"line":33,"column":null}},"type":"if","locations":[{"start":{"line":31,"column":6},"end":{"line":33,"column":null}}]},"6":{"loc":{"start":{"line":31,"column":10},"end":{"line":31,"column":52}},"type":"binary-expr","locations":[{"start":{"line":31,"column":10},"end":{"line":31,"column":19}},{"start":{"line":31,"column":23},"end":{"line":31,"column":52}}]},"7":{"loc":{"start":{"line":37,"column":2},"end":{"line":39,"column":null}},"type":"if","locations":[{"start":{"line":37,"column":2},"end":{"line":39,"column":null}}]}},"s":{"0":1,"1":1,"2":1,"3":1,"4":0,"5":0,"6":0,"7":0,"8":0,"9":0,"10":0,"11":0,"12":0,"13":0,"14":0,"15":0,"16":0,"17":0,"18":0,"19":0,"20":0,"21":0,"22":0,"23":0,"24":0,"25":0,"26":1},"f":{"0":0,"1":0,"2":0},"b":{"0":[0,0],"1":[0,0],"2":[0],"3":[0],"4":[0],"5":[0],"6":[0,0],"7":[0]}}
,"/Users/abdulbasith/Desktop/Dev/TECHZIA/Car-Rental/quick-ui/src/atoms/Spinner.tsx": {"path":"/Users/abdulbasith/Desktop/Dev/TECHZIA/Car-Rental/quick-ui/src/atoms/Spinner.tsx","statementMap":{"0":{"start":{"line":1,"column":0},"end":{"line":1,"column":26}},"1":{"start":{"line":2,"column":0},"end":{"line":2,"column":39}},"2":{"start":{"line":3,"column":0},"end":{"line":3,"column":35}},"3":{"start":{"line":11,"column":40},"end":{"line":11,"column":null}},"4":{"start":{"line":11,"column":48},"end":{"line":11,"column":50}},"5":{"start":{"line":11,"column":59},"end":{"line":11,"column":61}},"6":{"start":{"line":11,"column":65},"end":{"line":11,"column":67}},"7":{"start":{"line":11,"column":72},"end":{"line":47,"column":2}},"8":{"start":{"line":49,"column":0},"end":{"line":53,"column":2}},"9":{"start":{"line":55,"column":0},"end":{"line":58,"column":2}},"10":{"start":{"line":60,"column":0},"end":{"line":60,"column":23}}},"fnMap":{"0":{"name":"(anonymous_1)","decl":{"start":{"line":11,"column":40},"end":{"line":11,"column":41}},"loc":{"start":{"line":11,"column":67},"end":{"line":11,"column":null}}}},"branchMap":{},"s":{"0":1,"1":1,"2":1,"3":1,"4":0,"5":0,"6":0,"7":0,"8":1,"9":1,"10":1},"f":{"0":0},"b":{}}
,"/Users/abdulbasith/Desktop/Dev/TECHZIA/Car-Rental/quick-ui/src/atoms/index.ts": {"path":"/Users/abdulbasith/Desktop/Dev/TECHZIA/Car-Rental/quick-ui/src/atoms/index.ts","statementMap":{"0":{"start":{"line":1,"column":0},"end":{"line":1,"column":7}},"1":{"start":{"line":5,"column":9},"end":{"line":1,"column":34}},"2":{"start":{"line":2,"column":0},"end":{"line":2,"column":7}},"3":{"start":{"line":5,"column":19},"end":{"line":2,"column":30}},"4":{"start":{"line":3,"column":0},"end":{"line":3,"column":7}},"5":{"start":{"line":5,"column":27},"end":{"line":3,"column":32}}},"fnMap":{},"branchMap":{},"s":{"0":1,"1":1,"2":1,"3":1,"4":1,"5":1},"f":{},"b":{}}
,"/Users/abdulbasith/Desktop/Dev/TECHZIA/Car-Rental/quick-ui/src/components/index.ts": {"path":"/Users/abdulbasith/Desktop/Dev/TECHZIA/Car-Rental/quick-ui/src/components/index.ts","statementMap":{"0":{"start":{"line":1,"column":0},"end":{"line":1,"column":7}},"1":{"start":{"line":6,"column":4},"end":{"line":1,"column":30}},"2":{"start":{"line":2,"column":0},"end":{"line":2,"column":7}},"3":{"start":{"line":8,"column":2},"end":{"line":2,"column":28}},"4":{"start":{"line":3,"column":0},"end":{"line":3,"column":7}},"5":{"start":{"line":9,"column":2},"end":{"line":3,"column":34}}},"fnMap":{},"branchMap":{},"s":{"0":1,"1":1,"2":1,"3":1,"4":1,"5":1},"f":{},"b":{}}
,"/Users/abdulbasith/Desktop/Dev/TECHZIA/Car-Rental/quick-ui/src/components/Button/index.tsx": {"path":"/Users/abdulbasith/Desktop/Dev/TECHZIA/Car-Rental/quick-ui/src/components/Button/index.tsx","statementMap":{"0":{"start":{"line":1,"column":0},"end":{"line":1,"column":26}},"1":{"start":{"line":2,"column":0},"end":{"line":2,"column":36}},"2":{"start":{"line":3,"column":0},"end":{"line":3,"column":56}},"3":{"start":{"line":4,"column":0},"end":{"line":4,"column":40}},"4":{"start":{"line":5,"column":0},"end":{"line":5,"column":36}},"5":{"start":{"line":28,"column":49},"end":{"line":35,"column":2}},"6":{"start":{"line":37,"column":41},"end":{"line":41,"column":2}},"7":{"start":{"line":43,"column":50},"end":{"line":46,"column":2}},"8":{"start":{"line":48,"column":48},"end":{"line":52,"column":2}},"9":{"start":{"line":54,"column":15},"end":{"line":169,"column":null}},"10":{"start":{"line":57,"column":6},"end":{"line":57,"column":10}},"11":{"start":{"line":57,"column":10},"end":{"line":57,"column":null}},"12":{"start":{"line":58,"column":6},"end":{"line":58,"column":18}},"13":{"start":{"line":58,"column":18},"end":{"line":58,"column":null}},"14":{"start":{"line":59,"column":6},"end":{"line":59,"column":14}},"15":{"start":{"line":59,"column":14},"end":{"line":59,"column":null}},"16":{"start":{"line":60,"column":6},"end":{"line":60,"column":11}},"17":{"start":{"line":60,"column":11},"end":{"line":60,"column":null}},"18":{"start":{"line":61,"column":6},"end":{"line":61,"column":13}},"19":{"start":{"line":61,"column":13},"end":{"line":61,"column":null}},"20":{"start":{"line":62,"column":6},"end":{"line":62,"column":13}},"21":{"start":{"line":62,"column":13},"end":{"line":62,"column":null}},"22":{"start":{"line":63,"column":6},"end":{"line":63,"column":8}},"23":{"start":{"line":63,"column":8},"end":{"line":63,"column":null}},"24":{"start":{"line":64,"column":6},"end":{"line":64,"column":10}},"25":{"start":{"line":64,"column":10},"end":{"line":64,"column":null}},"26":{"start":{"line":65,"column":6},"end":{"line":65,"column":11}},"27":{"start":{"line":65,"column":11},"end":{"line":65,"column":null}},"28":{"start":{"line":66,"column":6},"end":{"line":66,"column":15}},"29":{"start":{"line":66,"column":15},"end":{"line":66,"column":null}},"30":{"start":{"line":67,"column":6},"end":{"line":67,"column":15}},"31":{"start":{"line":67,"column":15},"end":{"line":67,"column":null}},"32":{"start":{"line":68,"column":6},"end":{"line":68,"column":14}},"33":{"start":{"line":68,"column":14},"end":{"line":68,"column":null}},"34":{"start":{"line":69,"column":6},"end":{"line":69,"column":10}},"35":{"start":{"line":69,"column":10},"end":{"line":69,"column":null}},"36":{"start":{"line":70,"column":6},"end":{"line":70,"column":10}},"37":{"start":{"line":70,"column":10},"end":{"line":70,"column":null}},"38":{"start":{"line":71,"column":6},"end":{"line":71,"column":18}},"39":{"start":{"line":71,"column":18},"end":{"line":71,"column":null}},"40":{"start":{"line":72,"column":14},"end":{"line":72,"column":null}},"41":{"start":{"line":73,"column":19},"end":{"line":74,"column":null}},"42":{"start":{"line":77,"column":36},"end":{"line":77,"column":49}},"43":{"start":{"line":78,"column":58},"end":{"line":78,"column":66}},"44":{"start":{"line":80,"column":24},"end":{"line":80,"column":41}},"45":{"start":{"line":82,"column":4},"end":{"line":90,"column":null}},"46":{"start":{"line":83,"column":6},"end":{"line":89,"column":null}},"47":{"start":{"line":84,"column":8},"end":{"line":84,"column":22}},"48":{"start":{"line":85,"column":8},"end":{"line":85,"column":38}},"49":{"start":{"line":86,"column":13},"end":{"line":89,"column":null}},"50":{"start":{"line":87,"column":8},"end":{"line":87,"column":26}},"51":{"start":{"line":88,"column":8},"end":{"line":88,"column":40}},"52":{"start":{"line":92,"column":24},"end":{"line":96,"column":5}},"53":{"start":{"line":93,"column":6},"end":{"line":95,"column":null}},"54":{"start":{"line":94,"column":8},"end":{"line":94,"column":19}},"55":{"start":{"line":108,"column":4},"end":{"line":168,"column":6}},"56":{"start":{"line":172,"column":0},"end":{"line":172,"column":30}},"57":{"start":{"line":174,"column":0},"end":{"line":174,"column":22}}},"fnMap":{"0":{"name":"(anonymous_4)","decl":{"start":{"line":55,"column":2},"end":{"line":55,"column":null}},"loc":{"start":{"line":75,"column":7},"end":{"line":169,"column":3}}},"1":{"name":"(anonymous_5)","decl":{"start":{"line":62,"column":16},"end":{"line":62,"column":23}},"loc":{"start":{"line":62,"column":16},"end":{"line":62,"column":24}}},"2":{"name":"(anonymous_6)","decl":{"start":{"line":92,"column":24},"end":{"line":92,"column":25}},"loc":{"start":{"line":92,"column":44},"end":{"line":96,"column":5}}}},"branchMap":{"0":{"loc":{"start":{"line":57,"column":10},"end":{"line":57,"column":null}},"type":"cond-expr","locations":[{"start":{"line":57,"column":13},"end":{"line":57,"column":17}},{"start":{"line":57,"column":17},"end":{"line":57,"column":null}}]},"1":{"loc":{"start":{"line":58,"column":18},"end":{"line":58,"column":null}},"type":"cond-expr","locations":[{"start":{"line":58,"column":21},"end":{"line":58,"column":41}},{"start":{"line":58,"column":41},"end":{"line":58,"column":null}}]},"2":{"loc":{"start":{"line":59,"column":14},"end":{"line":59,"column":null}},"type":"cond-expr","locations":[{"start":{"line":59,"column":17},"end":{"line":59,"column":19}},{"start":{"line":59,"column":19},"end":{"line":59,"column":null}}]},"3":{"loc":{"start":{"line":60,"column":11},"end":{"line":60,"column":null}},"type":"cond-expr","locations":[{"start":{"line":60,"column":14},"end":{"line":60,"column":16}},{"start":{"line":60,"column":16},"end":{"line":60,"column":null}}]},"4":{"loc":{"start":{"line":61,"column":13},"end":{"line":61,"column":null}},"type":"cond-expr","locations":[{"start":{"line":61,"column":16},"end":{"line":61,"column":21}},{"start":{"line":61,"column":21},"end":{"line":61,"column":null}}]},"5":{"loc":{"start":{"line":62,"column":13},"end":{"line":62,"column":null}},"type":"cond-expr","locations":[{"start":{"line":62,"column":16},"end":{"line":62,"column":24}},{"start":{"line":62,"column":24},"end":{"line":62,"column":null}}]},"6":{"loc":{"start":{"line":63,"column":8},"end":{"line":63,"column":null}},"type":"cond-expr","locations":[{"start":{"line":63,"column":11},"end":{"line":63,"column":13}},{"start":{"line":63,"column":13},"end":{"line":63,"column":null}}]},"7":{"loc":{"start":{"line":64,"column":10},"end":{"line":64,"column":null}},"type":"cond-expr","locations":[{"start":{"line":64,"column":13},"end":{"line":64,"column":32}},{"start":{"line":64,"column":32},"end":{"line":64,"column":null}}]},"8":{"loc":{"start":{"line":65,"column":11},"end":{"line":65,"column":null}},"type":"cond-expr","locations":[{"start":{"line":65,"column":14},"end":{"line":65,"column":35}},{"start":{"line":65,"column":35},"end":{"line":65,"column":null}}]},"9":{"loc":{"start":{"line":66,"column":15},"end":{"line":66,"column":null}},"type":"cond-expr","locations":[{"start":{"line":66,"column":18},"end":{"line":66,"column":23}},{"start":{"line":66,"column":23},"end":{"line":66,"column":null}}]},"10":{"loc":{"start":{"line":67,"column":15},"end":{"line":67,"column":null}},"type":"cond-expr","locations":[{"start":{"line":67,"column":18},"end":{"line":67,"column":20}},{"start":{"line":67,"column":20},"end":{"line":67,"column":null}}]},"11":{"loc":{"start":{"line":68,"column":14},"end":{"line":68,"column":null}},"type":"cond-expr","locations":[{"start":{"line":68,"column":17},"end":{"line":68,"column":22}},{"start":{"line":68,"column":22},"end":{"line":68,"column":null}}]},"12":{"loc":{"start":{"line":69,"column":10},"end":{"line":69,"column":null}},"type":"cond-expr","locations":[{"start":{"line":69,"column":13},"end":{"line":69,"column":25}},{"start":{"line":69,"column":25},"end":{"line":69,"column":null}}]},"13":{"loc":{"start":{"line":70,"column":10},"end":{"line":70,"column":null}},"type":"cond-expr","locations":[{"start":{"line":70,"column":13},"end":{"line":70,"column":15}},{"start":{"line":70,"column":15},"end":{"line":70,"column":null}}]},"14":{"loc":{"start":{"line":71,"column":18},"end":{"line":71,"column":null}},"type":"cond-expr","locations":[{"start":{"line":71,"column":21},"end":{"line":71,"column":25}},{"start":{"line":71,"column":25},"end":{"line":71,"column":null}}]},"15":{"loc":{"start":{"line":80,"column":24},"end":{"line":80,"column":41}},"type":"binary-expr","locations":[{"start":{"line":80,"column":24},"end":{"line":80,"column":29}},{"start":{"line":80,"column":33},"end":{"line":80,"column":41}}]},"16":{"loc":{"start":{"line":82,"column":4},"end":{"line":90,"column":null}},"type":"if","locations":[{"start":{"line":82,"column":4},"end":{"line":90,"column":null}}]},"17":{"loc":{"start":{"line":83,"column":6},"end":{"line":89,"column":null}},"type":"if","locations":[{"start":{"line":83,"column":6},"end":{"line":89,"column":null}},{"start":{"line":86,"column":13},"end":{"line":89,"column":null}}]},"18":{"loc":{"start":{"line":86,"column":13},"end":{"line":89,"column":null}},"type":"if","locations":[{"start":{"line":86,"column":13},"end":{"line":89,"column":null}}]},"19":{"loc":{"start":{"line":93,"column":6},"end":{"line":95,"column":null}},"type":"if","locations":[{"start":{"line":93,"column":6},"end":{"line":95,"column":null}}]},"20":{"loc":{"start":{"line":93,"column":10},"end":{"line":93,"column":31}},"type":"binary-expr","locations":[{"start":{"line":93,"column":10},"end":{"line":93,"column":18}},{"start":{"line":93,"column":22},"end":{"line":93,"column":31}}]},"21":{"loc":{"start":{"line":131,"column":11},"end":{"line":131,"column":52}},"type":"binary-expr","locations":[{"start":{"line":131,"column":11},"end":{"line":131,"column":22}},{"start":{"line":131,"column":26},"end":{"line":131,"column":52}}]},"22":{"loc":{"start":{"line":133,"column":13},"end":{"line":163,"column":null}},"type":"cond-expr","locations":[{"start":{"line":135,"column":14},"end":{"line":143,"column":null}},{"start":{"line":148,"column":14},"end":{"line":162,"column":null}}]},"23":{"loc":{"start":{"line":135,"column":14},"end":{"line":143,"column":null}},"type":"cond-expr","locations":[{"start":{"line":136,"column":16},"end":{"line":140,"column":null}},{"start":{"line":143,"column":15},"end":{"line":143,"column":20}}]},"24":{"loc":{"start":{"line":148,"column":14},"end":{"line":162,"column":null}},"type":"binary-expr","locations":[{"start":{"line":148,"column":14},"end":{"line":148,"column":21}},{"start":{"line":149,"column":16},"end":{"line":161,"column":null}}]}},"s":{"0":1,"1":1,"2":1,"3":1,"4":1,"5":1,"6":1,"7":1,"8":1,"9":1,"10":2,"11":2,"12":2,"13":2,"14":2,"15":2,"16":2,"17":2,"18":2,"19":2,"20":2,"21":2,"22":2,"23":2,"24":2,"25":2,"26":2,"27":2,"28":2,"29":2,"30":2,"31":2,"32":2,"33":2,"34":2,"35":2,"36":2,"37":2,"38":2,"39":2,"40":2,"41":2,"42":2,"43":2,"44":2,"45":2,"46":2,"47":0,"48":0,"49":2,"50":0,"51":0,"52":2,"53":1,"54":1,"55":2,"56":1,"57":1},"f":{"0":2,"1":0,"2":1},"b":{"0":[2,0],"1":[2,0],"2":[2,0],"3":[0,2],"4":[2,0],"5":[1,1],"6":[2,0],"7":[2,0],"8":[2,0],"9":[2,0],"10":[2,0],"11":[2,0],"12":[2,0],"13":[2,0],"14":[2,0],"15":[2,0],"16":[2],"17":[0,2],"18":[0],"19":[1],"20":[1,1],"21":[2,2],"22":[0,2],"23":[0,0],"24":[2,0]}}
,"/Users/abdulbasith/Desktop/Dev/TECHZIA/Car-Rental/quick-ui/src/components/Checkbox/index.tsx": {"path":"/Users/abdulbasith/Desktop/Dev/TECHZIA/Car-Rental/quick-ui/src/components/Checkbox/index.tsx","statementMap":{"0":{"start":{"line":1,"column":0},"end":{"line":1,"column":53}},"1":{"start":{"line":2,"column":0},"end":{"line":2,"column":39}},"2":{"start":{"line":3,"column":0},"end":{"line":3,"column":36}},"3":{"start":{"line":4,"column":0},"end":{"line":4,"column":41}},"4":{"start":{"line":5,"column":0},"end":{"line":5,"column":38}},"5":{"start":{"line":16,"column":17},"end":{"line":70,"column":null}},"6":{"start":{"line":19,"column":6},"end":{"line":19,"column":11}},"7":{"start":{"line":19,"column":11},"end":{"line":19,"column":null}},"8":{"start":{"line":20,"column":6},"end":{"line":20,"column":11}},"9":{"start":{"line":20,"column":11},"end":{"line":20,"column":null}},"10":{"start":{"line":21,"column":6},"end":{"line":21,"column":15}},"11":{"start":{"line":21,"column":15},"end":{"line":21,"column":null}},"12":{"start":{"line":22,"column":6},"end":{"line":22,"column":14}},"13":{"start":{"line":22,"column":14},"end":{"line":22,"column":null}},"14":{"start":{"line":23,"column":16},"end":{"line":23,"column":null}},"15":{"start":{"line":24,"column":14},"end":{"line":24,"column":null}},"16":{"start":{"line":25,"column":19},"end":{"line":26,"column":null}},"17":{"start":{"line":29,"column":15},"end":{"line":29,"column":35}},"18":{"start":{"line":30,"column":20},"end":{"line":30,"column":33}},"19":{"start":{"line":31,"column":24},"end":{"line":31,"column":41}},"20":{"start":{"line":33,"column":4},"end":{"line":69,"column":6}},"21":{"start":{"line":73,"column":0},"end":{"line":73,"column":34}},"22":{"start":{"line":75,"column":0},"end":{"line":75,"column":24}}},"fnMap":{"0":{"name":"(anonymous_10)","decl":{"start":{"line":17,"column":2},"end":{"line":17,"column":null}},"loc":{"start":{"line":27,"column":7},"end":{"line":70,"column":3}}}},"branchMap":{"0":{"loc":{"start":{"line":19,"column":11},"end":{"line":19,"column":null}},"type":"cond-expr","locations":[{"start":{"line":19,"column":14},"end":{"line":19,"column":16}},{"start":{"line":19,"column":16},"end":{"line":19,"column":null}}]},"1":{"loc":{"start":{"line":20,"column":11},"end":{"line":20,"column":null}},"type":"cond-expr","locations":[{"start":{"line":20,"column":14},"end":{"line":20,"column":16}},{"start":{"line":20,"column":16},"end":{"line":20,"column":null}}]},"2":{"loc":{"start":{"line":21,"column":15},"end":{"line":21,"column":null}},"type":"cond-expr","locations":[{"start":{"line":21,"column":18},"end":{"line":21,"column":20}},{"start":{"line":21,"column":20},"end":{"line":21,"column":null}}]},"3":{"loc":{"start":{"line":22,"column":14},"end":{"line":22,"column":null}},"type":"cond-expr","locations":[{"start":{"line":22,"column":17},"end":{"line":22,"column":22}},{"start":{"line":22,"column":22},"end":{"line":22,"column":null}}]},"4":{"loc":{"start":{"line":31,"column":24},"end":{"line":31,"column":41}},"type":"binary-expr","locations":[{"start":{"line":31,"column":24},"end":{"line":31,"column":29}},{"start":{"line":31,"column":33},"end":{"line":31,"column":41}}]},"5":{"loc":{"start":{"line":48,"column":11},"end":{"line":56,"column":null}},"type":"binary-expr","locations":[{"start":{"line":48,"column":11},"end":{"line":48,"column":22}},{"start":{"line":49,"column":12},"end":{"line":55,"column":null}}]},"6":{"loc":{"start":{"line":59,"column":9},"end":{"line":66,"column":null}},"type":"binary-expr","locations":[{"start":{"line":59,"column":9},"end":{"line":59,"column":16}},{"start":{"line":60,"column":10},"end":{"line":65,"column":null}}]}},"s":{"0":1,"1":1,"2":1,"3":1,"4":1,"5":1,"6":0,"7":0,"8":0,"9":0,"10":0,"11":0,"12":0,"13":0,"14":0,"15":0,"16":0,"17":0,"18":0,"19":0,"20":0,"21":1,"22":1},"f":{"0":0},"b":{"0":[0,0],"1":[0,0],"2":[0,0],"3":[0,0],"4":[0,0],"5":[0,0],"6":[0,0]}}
,"/Users/abdulbasith/Desktop/Dev/TECHZIA/Car-Rental/quick-ui/src/components/Label/index.tsx": {"path":"/Users/abdulbasith/Desktop/Dev/TECHZIA/Car-Rental/quick-ui/src/components/Label/index.tsx","statementMap":{"0":{"start":{"line":1,"column":0},"end":{"line":1,"column":26}},"1":{"start":{"line":2,"column":0},"end":{"line":2,"column":36}},"2":{"start":{"line":19,"column":36},"end":{"line":61,"column":1}},"3":{"start":{"line":20,"column":10},"end":{"line":20,"column":null}},"4":{"start":{"line":21,"column":2},"end":{"line":21,"column":11}},"5":{"start":{"line":21,"column":11},"end":{"line":21,"column":null}},"6":{"start":{"line":22,"column":2},"end":{"line":22,"column":10}},"7":{"start":{"line":22,"column":10},"end":{"line":22,"column":null}},"8":{"start":{"line":23,"column":15},"end":{"line":23,"column":null}},"9":{"start":{"line":24,"column":15},"end":{"line":25,"column":null}},"10":{"start":{"line":32,"column":6},"end":{"line":32,"column":25}},"11":{"start":{"line":27,"column":11},"end":{"line":27,"column":null}},"12":{"start":{"line":28,"column":8},"end":{"line":28,"column":null}},"13":{"start":{"line":30,"column":32},"end":{"line":30,"column":null}},"14":{"start":{"line":31,"column":25},"end":{"line":32,"column":6}},"15":{"start":{"line":35,"column":17},"end":{"line":35,"column":29}},"16":{"start":{"line":37,"column":2},"end":{"line":60,"column":4}},"17":{"start":{"line":63,"column":0},"end":{"line":63,"column":21}}},"fnMap":{"0":{"name":"(anonymous_4)","decl":{"start":{"line":19,"column":36},"end":{"line":19,"column":37}},"loc":{"start":{"line":25,"column":1},"end":{"line":61,"column":1}}}},"branchMap":{"0":{"loc":{"start":{"line":21,"column":11},"end":{"line":21,"column":null}},"type":"cond-expr","locations":[{"start":{"line":21,"column":14},"end":{"line":21,"column":16}},{"start":{"line":21,"column":16},"end":{"line":21,"column":null}}]},"1":{"loc":{"start":{"line":22,"column":10},"end":{"line":22,"column":null}},"type":"cond-expr","locations":[{"start":{"line":22,"column":13},"end":{"line":22,"column":18}},{"start":{"line":22,"column":18},"end":{"line":22,"column":null}}]},"2":{"loc":{"start":{"line":32,"column":6},"end":{"line":32,"column":25}},"type":"binary-expr","locations":[{"start":{"line":32,"column":6},"end":{"line":32,"column":19}},{"start":{"line":32,"column":23},"end":{"line":32,"column":25}}]},"3":{"loc":{"start":{"line":35,"column":17},"end":{"line":35,"column":29}},"type":"binary-expr","locations":[{"start":{"line":35,"column":17},"end":{"line":35,"column":21}},{"start":{"line":35,"column":25},"end":{"line":35,"column":29}}]},"4":{"loc":{"start":{"line":46,"column":7},"end":{"line":46,"column":52}},"type":"binary-expr","locations":[{"start":{"line":46,"column":7},"end":{"line":46,"column":15}},{"start":{"line":46,"column":19},"end":{"line":46,"column":52}}]},"5":{"loc":{"start":{"line":47,"column":7},"end":{"line":58,"column":null}},"type":"binary-expr","locations":[{"start":{"line":47,"column":7},"end":{"line":47,"column":20}},{"start":{"line":49,"column":10},"end":{"line":55,"column":null}}]},"6":{"loc":{"start":{"line":51,"column":15},"end":{"line":51,"column":38}},"type":"binary-expr","locations":[{"start":{"line":51,"column":15},"end":{"line":51,"column":32}},{"start":{"line":51,"column":36},"end":{"line":51,"column":38}}]},"7":{"loc":{"start":{"line":55,"column":13},"end":{"line":55,"column":111}},"type":"cond-expr","locations":[{"start":{"line":55,"column":58},"end":{"line":55,"column":104}},{"start":{"line":55,"column":107},"end":{"line":55,"column":111}}]},"8":{"loc":{"start":{"line":55,"column":13},"end":{"line":55,"column":55}},"type":"binary-expr","locations":[{"start":{"line":55,"column":13},"end":{"line":55,"column":21}},{"start":{"line":55,"column":25},"end":{"line":55,"column":55}}]}},"s":{"0":1,"1":1,"2":1,"3":0,"4":0,"5":0,"6":0,"7":0,"8":0,"9":0,"10":0,"11":0,"12":0,"13":0,"14":0,"15":0,"16":0,"17":1},"f":{"0":0},"b":{"0":[0,0],"1":[0,0],"2":[0,0],"3":[0,0],"4":[0,0],"5":[0,0],"6":[0,0],"7":[0,0],"8":[0,0]}}
,"/Users/abdulbasith/Desktop/Dev/TECHZIA/Car-Rental/quick-ui/src/utils/index.ts": {"path":"/Users/abdulbasith/Desktop/Dev/TECHZIA/Car-Rental/quick-ui/src/utils/index.ts","statementMap":{"0":{"start":{"line":1,"column":25},"end":{"line":13,"column":3}},"1":{"start":{"line":2,"column":27},"end":{"line":2,"column":32}},"2":{"start":{"line":4,"column":4},"end":{"line":10,"column":null}},"3":{"start":{"line":5,"column":6},"end":{"line":9,"column":23}},"4":{"start":{"line":12,"column":4},"end":{"line":12,"column":26}},"5":{"start":{"line":1,"column":13},"end":{"line":1,"column":25}}},"fnMap":{"0":{"name":"(anonymous_0)","decl":{"start":{"line":1,"column":25},"end":{"line":1,"column":26}},"loc":{"start":{"line":1,"column":52},"end":{"line":13,"column":3}}}},"branchMap":{"0":{"loc":{"start":{"line":4,"column":4},"end":{"line":10,"column":null}},"type":"if","locations":[{"start":{"line":4,"column":4},"end":{"line":10,"column":null}}]},"1":{"loc":{"start":{"line":4,"column":8},"end":{"line":4,"column":62}},"type":"binary-expr","locations":[{"start":{"line":4,"column":8},"end":{"line":4,"column":14}},{"start":{"line":4,"column":18},"end":{"line":4,"column":44}},{"start":{"line":4,"column":48},"end":{"line":4,"column":62}}]}},"s":{"0":1,"1":0,"2":0,"3":0,"4":0,"5":1},"f":{"0":0},"b":{"0":[0],"1":[0,0,0]}}
}
