TN:
SF:src/index.ts
FNF:0
FNH:0
DA:3,1
LF:1
LH:1
BRF:0
BRH:0
end_of_record
TN:
SF:src/atoms/Backdrop.tsx
FN:7,(anonymous_9)
FNF:1
FNH:0
FNDA:0,(anonymous_9)
DA:1,1
DA:7,1
DA:18,1
LF:3
LH:3
BRF:0
BRH:0
end_of_record
TN:
SF:src/atoms/Portal.ts
FN:11,(anonymous_0)
FN:14,(anonymous_1)
FN:26,(anonymous_2)
FNF:3
FNH:0
FNDA:0,(anonymous_0)
FNDA:0,(anonymous_1)
FNDA:0,(anonymous_2)
DA:1,1
DA:2,1
DA:3,1
DA:11,1
DA:12,0
DA:14,0
DA:15,0
DA:16,0
DA:17,0
DA:18,0
DA:19,0
DA:22,0
DA:23,0
DA:26,0
DA:27,0
DA:28,0
DA:31,0
DA:32,0
DA:37,0
DA:38,0
DA:41,0
DA:44,1
LF:22
LH:5
BRDA:11,0,0,0
BRDA:11,0,1,0
BRDA:11,1,0,0
BRDA:11,1,1,0
BRDA:16,2,0,0
BRDA:22,3,0,0
BRDA:27,4,0,0
BRDA:31,5,0,0
BRDA:31,6,0,0
BRDA:31,6,1,0
BRDA:37,7,0,0
BRF:11
BRH:0
end_of_record
TN:
SF:src/atoms/Spinner.tsx
FN:11,(anonymous_1)
FNF:1
FNH:0
FNDA:0,(anonymous_1)
DA:1,1
DA:2,1
DA:3,1
DA:11,1
DA:49,1
DA:55,1
DA:60,1
LF:7
LH:7
BRF:0
BRH:0
end_of_record
TN:
SF:src/atoms/index.ts
FNF:0
FNH:0
DA:1,1
DA:2,1
DA:3,1
DA:5,1
LF:4
LH:4
BRF:0
BRH:0
end_of_record
TN:
SF:src/components/index.ts
FNF:0
FNH:0
DA:1,1
DA:2,1
DA:3,1
DA:6,1
DA:8,1
DA:9,1
LF:6
LH:6
BRF:0
BRH:0
end_of_record
TN:
SF:src/components/Button/index.tsx
FN:55,(anonymous_4)
FN:62,(anonymous_5)
FN:92,(anonymous_6)
FNF:3
FNH:2
FNDA:2,(anonymous_4)
FNDA:0,(anonymous_5)
FNDA:1,(anonymous_6)
DA:1,1
DA:2,1
DA:3,1
DA:4,1
DA:5,1
DA:28,1
DA:37,1
DA:43,1
DA:48,1
DA:54,1
DA:57,2
DA:58,2
DA:59,2
DA:60,2
DA:61,2
DA:62,2
DA:63,2
DA:64,2
DA:65,2
DA:66,2
DA:67,2
DA:68,2
DA:69,2
DA:70,2
DA:71,2
DA:72,2
DA:73,2
DA:77,2
DA:78,2
DA:80,2
DA:82,2
DA:83,2
DA:84,0
DA:85,0
DA:86,2
DA:87,0
DA:88,0
DA:92,2
DA:93,1
DA:94,1
DA:108,2
DA:172,1
DA:174,1
LF:43
LH:39
BRDA:57,0,0,2
BRDA:57,0,1,0
BRDA:58,1,0,2
BRDA:58,1,1,0
BRDA:59,2,0,2
BRDA:59,2,1,0
BRDA:60,3,0,0
BRDA:60,3,1,2
BRDA:61,4,0,2
BRDA:61,4,1,0
BRDA:62,5,0,1
BRDA:62,5,1,1
BRDA:63,6,0,2
BRDA:63,6,1,0
BRDA:64,7,0,2
BRDA:64,7,1,0
BRDA:65,8,0,2
BRDA:65,8,1,0
BRDA:66,9,0,2
BRDA:66,9,1,0
BRDA:67,10,0,2
BRDA:67,10,1,0
BRDA:68,11,0,2
BRDA:68,11,1,0
BRDA:69,12,0,2
BRDA:69,12,1,0
BRDA:70,13,0,2
BRDA:70,13,1,0
BRDA:71,14,0,2
BRDA:71,14,1,0
BRDA:80,15,0,2
BRDA:80,15,1,0
BRDA:82,16,0,2
BRDA:83,17,0,0
BRDA:83,17,1,2
BRDA:86,18,0,0
BRDA:93,19,0,1
BRDA:93,20,0,1
BRDA:93,20,1,1
BRDA:131,21,0,2
BRDA:131,21,1,2
BRDA:133,22,0,0
BRDA:133,22,1,2
BRDA:135,23,0,0
BRDA:135,23,1,0
BRDA:148,24,0,2
BRDA:148,24,1,0
BRF:47
BRH:26
end_of_record
TN:
SF:src/components/Checkbox/index.tsx
FN:17,(anonymous_10)
FNF:1
FNH:0
FNDA:0,(anonymous_10)
DA:1,1
DA:2,1
DA:3,1
DA:4,1
DA:5,1
DA:16,1
DA:19,0
DA:20,0
DA:21,0
DA:22,0
DA:23,0
DA:24,0
DA:25,0
DA:29,0
DA:30,0
DA:31,0
DA:33,0
DA:73,1
DA:75,1
LF:19
LH:8
BRDA:19,0,0,0
BRDA:19,0,1,0
BRDA:20,1,0,0
BRDA:20,1,1,0
BRDA:21,2,0,0
BRDA:21,2,1,0
BRDA:22,3,0,0
BRDA:22,3,1,0
BRDA:31,4,0,0
BRDA:31,4,1,0
BRDA:48,5,0,0
BRDA:48,5,1,0
BRDA:59,6,0,0
BRDA:59,6,1,0
BRF:14
BRH:0
end_of_record
TN:
SF:src/components/Label/index.tsx
FN:19,(anonymous_4)
FNF:1
FNH:0
FNDA:0,(anonymous_4)
DA:1,1
DA:2,1
DA:19,1
DA:20,0
DA:21,0
DA:22,0
DA:23,0
DA:24,0
DA:27,0
DA:28,0
DA:30,0
DA:31,0
DA:32,0
DA:35,0
DA:37,0
DA:63,1
LF:16
LH:4
BRDA:21,0,0,0
BRDA:21,0,1,0
BRDA:22,1,0,0
BRDA:22,1,1,0
BRDA:32,2,0,0
BRDA:32,2,1,0
BRDA:35,3,0,0
BRDA:35,3,1,0
BRDA:46,4,0,0
BRDA:46,4,1,0
BRDA:47,5,0,0
BRDA:47,5,1,0
BRDA:51,6,0,0
BRDA:51,6,1,0
BRDA:55,7,0,0
BRDA:55,7,1,0
BRDA:55,8,0,0
BRDA:55,8,1,0
BRF:18
BRH:0
end_of_record
TN:
SF:src/utils/index.ts
FN:1,(anonymous_0)
FNF:1
FNH:0
FNDA:0,(anonymous_0)
DA:1,1
DA:2,0
DA:4,0
DA:5,0
DA:12,0
LF:5
LH:1
BRDA:4,0,0,0
BRDA:4,1,0,0
BRDA:4,1,1,0
BRDA:4,1,2,0
BRF:4
BRH:0
end_of_record
